\BOOKMARK [1][-]{section.1}{D\351finitions}{}% 1
\BOOKMARK [2][-]{subsection.1.1}{Torseurs}{section.1}% 2
\BOOKMARK [2][-]{subsection.1.2}{Expression en un point}{section.1}% 3
\BOOKMARK [2][-]{subsection.1.3}{Notation des torseurs}{section.1}% 4
\BOOKMARK [2][-]{subsection.1.4}{Invariants}{section.1}% 5
\BOOKMARK [2][-]{subsection.1.5}{Axe central}{section.1}% 6
\BOOKMARK [2][-]{subsection.1.6}{Moment central}{section.1}% 7
\BOOKMARK [2][-]{subsection.1.7}{Repr\351sentation spatiale d'un torseur}{section.1}% 8
\BOOKMARK [2][-]{subsection.1.8}{\311quiprojectivit\351 du champ de vecteurs d'un torseur}{section.1}% 9
\BOOKMARK [1][-]{section.2}{Torseurs particuliers}{}% 10
\BOOKMARK [2][-]{subsection.2.1}{Couple}{section.2}% 11
\BOOKMARK [2][-]{subsection.2.2}{Glisseur}{section.2}% 12
\BOOKMARK [2][-]{subsection.2.3}{Torseur nul}{section.2}% 13
\BOOKMARK [1][-]{section.3}{Op\351rations sur les torseurs}{}% 14
\BOOKMARK [2][-]{subsection.3.1}{\311galit\351}{section.3}% 15
\BOOKMARK [2][-]{subsection.3.2}{Addition}{section.3}% 16
\BOOKMARK [2][-]{subsection.3.3}{Multiplication par un scalaire}{section.3}% 17
\BOOKMARK [2][-]{subsection.3.4}{Comoment de deux torseurs}{section.3}% 18
\BOOKMARK [1][-]{section.4}{Torseur cin\351matique}{}% 19
\BOOKMARK [2][-]{subsection.4.1}{D\351finition}{section.4}% 20
\BOOKMARK [2][-]{subsection.4.2}{Torseurs cin\351matiques des liaisons usuelles}{section.4}% 21
\BOOKMARK [2][-]{subsection.4.3}{Composition du torseur cin\351matique}{section.4}% 22
\BOOKMARK [1][-]{section.5}{Torseur des petits d\351placements}{}% 23
\BOOKMARK [2][-]{subsection.5.1}{D\351finition}{section.5}% 24
\BOOKMARK [2][-]{subsection.5.2}{Torseurs des petits d\351placements des liaisons usuelles}{section.5}% 25
