This is pdfTeX, Version 3.1415926-1.40.10 (MiKTeX 2.8) (preloaded format=pdflatex 2010.9.11)  13 NOV 2013 18:03
entering extended mode
**03_Parametrage.tex
(D:\GitHub\CI_03_EtudeCinematique\03_Parametrage\Cours\03_Parametrage.tex
LaTeX2e <2009/09/24>
Babel <v3.8l> and hyphenation patterns for english, dumylang, nohyphenation, ge
rman, ngerman, german-x-2009-06-19, ngerman-x-2009-06-19, french, loaded.
("C:\Program Files (x86)\MiKTeX 2.8\tex\latex\base\article.cls"
Document Class: article 2007/10/19 v1.4h Standard LaTeX document class
("C:\Program Files (x86)\MiKTeX 2.8\tex\latex\base\size10.clo"
File: size10.clo 2007/10/19 v1.4h Standard LaTeX file (size option)
)
\c@part=\count79
\c@section=\count80
\c@subsection=\count81
\c@subsubsection=\count82
\c@paragraph=\count83
\c@subparagraph=\count84
\c@figure=\count85
\c@table=\count86
\abovecaptionskip=\skip41
\belowcaptionskip=\skip42
\bibindent=\dimen102
)
(D:\GitHub\CI_03_EtudeCinematique\03_Parametrage\Cours\style/coursHeadings.tex
("C:\Program Files (x86)\MiKTeX 2.8\tex\latex\base\fontenc.sty"
Package: fontenc 2005/09/27 v1.99g Standard LaTeX package

("C:\Program Files (x86)\MiKTeX 2.8\tex\latex\base\t1enc.def"
File: t1enc.def 2005/09/27 v1.99g Standard LaTeX file
LaTeX Font Info:    Redeclaring font encoding T1 on input line 43.
))
("C:\Program Files (x86)\MiKTeX 2.8\tex\latex\base\inputenc.sty"
Package: inputenc 2008/03/30 v1.1d Input encoding file
\inpenc@prehook=\toks14
\inpenc@posthook=\toks15

("C:\Program Files (x86)\MiKTeX 2.8\tex\latex\base\utf8.def"
File: utf8.def 2008/04/05 v1.1m UTF-8 support for inputenc
Now handling font encoding OML ...
... no UTF-8 mapping file for font encoding OML
Now handling font encoding T1 ...
... processing UTF-8 mapping file for font encoding T1

("C:\Program Files (x86)\MiKTeX 2.8\tex\latex\base\t1enc.dfu"
File: t1enc.dfu 2008/04/05 v1.1m UTF-8 support for inputenc
   defining Unicode char U+00A1 (decimal 161)
   defining Unicode char U+00A3 (decimal 163)
   defining Unicode char U+00AB (decimal 171)
   defining Unicode char U+00BB (decimal 187)
   defining Unicode char U+00BF (decimal 191)
   defining Unicode char U+00C0 (decimal 192)
   defining Unicode char U+00C1 (decimal 193)
   defining Unicode char U+00C2 (decimal 194)
   defining Unicode char U+00C3 (decimal 195)
   defining Unicode char U+00C4 (decimal 196)
   defining Unicode char U+00C5 (decimal 197)
   defining Unicode char U+00C6 (decimal 198)
   defining Unicode char U+00C7 (decimal 199)
   defining Unicode char U+00C8 (decimal 200)
   defining Unicode char U+00C9 (decimal 201)
   defining Unicode char U+00CA (decimal 202)
   defining Unicode char U+00CB (decimal 203)
   defining Unicode char U+00CC (decimal 204)
   defining Unicode char U+00CD (decimal 205)
   defining Unicode char U+00CE (decimal 206)
   defining Unicode char U+00CF (decimal 207)
   defining Unicode char U+00D0 (decimal 208)
   defining Unicode char U+00D1 (decimal 209)
   defining Unicode char U+00D2 (decimal 210)
   defining Unicode char U+00D3 (decimal 211)
   defining Unicode char U+00D4 (decimal 212)
   defining Unicode char U+00D5 (decimal 213)
   defining Unicode char U+00D6 (decimal 214)
   defining Unicode char U+00D8 (decimal 216)
   defining Unicode char U+00D9 (decimal 217)
   defining Unicode char U+00DA (decimal 218)
   defining Unicode char U+00DB (decimal 219)
   defining Unicode char U+00DC (decimal 220)
   defining Unicode char U+00DD (decimal 221)
   defining Unicode char U+00DE (decimal 222)
   defining Unicode char U+00DF (decimal 223)
   defining Unicode char U+00E0 (decimal 224)
   defining Unicode char U+00E1 (decimal 225)
   defining Unicode char U+00E2 (decimal 226)
   defining Unicode char U+00E3 (decimal 227)
   defining Unicode char U+00E4 (decimal 228)
   defining Unicode char U+00E5 (decimal 229)
   defining Unicode char U+00E6 (decimal 230)
   defining Unicode char U+00E7 (decimal 231)
   defining Unicode char U+00E8 (decimal 232)
   defining Unicode char U+00E9 (decimal 233)
   defining Unicode char U+00EA (decimal 234)
   defining Unicode char U+00EB (decimal 235)
   defining Unicode char U+00EC (decimal 236)
   defining Unicode char U+00ED (decimal 237)
   defining Unicode char U+00EE (decimal 238)
   defining Unicode char U+00EF (decimal 239)
   defining Unicode char U+00F0 (decimal 240)
   defining Unicode char U+00F1 (decimal 241)
   defining Unicode char U+00F2 (decimal 242)
   defining Unicode char U+00F3 (decimal 243)
   defining Unicode char U+00F4 (decimal 244)
   defining Unicode char U+00F5 (decimal 245)
   defining Unicode char U+00F6 (decimal 246)
   defining Unicode char U+00F8 (decimal 248)
   defining Unicode char U+00F9 (decimal 249)
   defining Unicode char U+00FA (decimal 250)
   defining Unicode char U+00FB (decimal 251)
   defining Unicode char U+00FC (decimal 252)
   defining Unicode char U+00FD (decimal 253)
   defining Unicode char U+00FE (decimal 254)
   defining Unicode char U+00FF (decimal 255)
   defining Unicode char U+0102 (decimal 258)
   defining Unicode char U+0103 (decimal 259)
   defining Unicode char U+0104 (decimal 260)
   defining Unicode char U+0105 (decimal 261)
   defining Unicode char U+0106 (decimal 262)
   defining Unicode char U+0107 (decimal 263)
   defining Unicode char U+010C (decimal 268)
   defining Unicode char U+010D (decimal 269)
   defining Unicode char U+010E (decimal 270)
   defining Unicode char U+010F (decimal 271)
   defining Unicode char U+0110 (decimal 272)
   defining Unicode char U+0111 (decimal 273)
   defining Unicode char U+0118 (decimal 280)
   defining Unicode char U+0119 (decimal 281)
   defining Unicode char U+011A (decimal 282)
   defining Unicode char U+011B (decimal 283)
   defining Unicode char U+011E (decimal 286)
   defining Unicode char U+011F (decimal 287)
   defining Unicode char U+0130 (decimal 304)
   defining Unicode char U+0131 (decimal 305)
   defining Unicode char U+0132 (decimal 306)
   defining Unicode char U+0133 (decimal 307)
   defining Unicode char U+0139 (decimal 313)
   defining Unicode char U+013A (decimal 314)
   defining Unicode char U+013D (decimal 317)
   defining Unicode char U+013E (decimal 318)
   defining Unicode char U+0141 (decimal 321)
   defining Unicode char U+0142 (decimal 322)
   defining Unicode char U+0143 (decimal 323)
   defining Unicode char U+0144 (decimal 324)
   defining Unicode char U+0147 (decimal 327)
   defining Unicode char U+0148 (decimal 328)
   defining Unicode char U+014A (decimal 330)
   defining Unicode char U+014B (decimal 331)
   defining Unicode char U+0150 (decimal 336)
   defining Unicode char U+0151 (decimal 337)
   defining Unicode char U+0152 (decimal 338)
   defining Unicode char U+0153 (decimal 339)
   defining Unicode char U+0154 (decimal 340)
   defining Unicode char U+0155 (decimal 341)
   defining Unicode char U+0158 (decimal 344)
   defining Unicode char U+0159 (decimal 345)
   defining Unicode char U+015A (decimal 346)
   defining Unicode char U+015B (decimal 347)
   defining Unicode char U+015E (decimal 350)
   defining Unicode char U+015F (decimal 351)
   defining Unicode char U+0160 (decimal 352)
   defining Unicode char U+0161 (decimal 353)
   defining Unicode char U+0162 (decimal 354)
   defining Unicode char U+0163 (decimal 355)
   defining Unicode char U+0164 (decimal 356)
   defining Unicode char U+0165 (decimal 357)
   defining Unicode char U+016E (decimal 366)
   defining Unicode char U+016F (decimal 367)
   defining Unicode char U+0170 (decimal 368)
   defining Unicode char U+0171 (decimal 369)
   defining Unicode char U+0178 (decimal 376)
   defining Unicode char U+0179 (decimal 377)
   defining Unicode char U+017A (decimal 378)
   defining Unicode char U+017B (decimal 379)
   defining Unicode char U+017C (decimal 380)
   defining Unicode char U+017D (decimal 381)
   defining Unicode char U+017E (decimal 382)
   defining Unicode char U+200C (decimal 8204)
   defining Unicode char U+2013 (decimal 8211)
   defining Unicode char U+2014 (decimal 8212)
   defining Unicode char U+2018 (decimal 8216)
   defining Unicode char U+2019 (decimal 8217)
   defining Unicode char U+201A (decimal 8218)
   defining Unicode char U+201C (decimal 8220)
   defining Unicode char U+201D (decimal 8221)
   defining Unicode char U+201E (decimal 8222)
   defining Unicode char U+2030 (decimal 8240)
   defining Unicode char U+2031 (decimal 8241)
   defining Unicode char U+2039 (decimal 8249)
   defining Unicode char U+203A (decimal 8250)
   defining Unicode char U+2423 (decimal 9251)
)
Now handling font encoding OT1 ...
... processing UTF-8 mapping file for font encoding OT1

("C:\Program Files (x86)\MiKTeX 2.8\tex\latex\base\ot1enc.dfu"
File: ot1enc.dfu 2008/04/05 v1.1m UTF-8 support for inputenc
   defining Unicode char U+00A1 (decimal 161)
   defining Unicode char U+00A3 (decimal 163)
   defining Unicode char U+00B8 (decimal 184)
   defining Unicode char U+00BF (decimal 191)
   defining Unicode char U+00C5 (decimal 197)
   defining Unicode char U+00C6 (decimal 198)
   defining Unicode char U+00D8 (decimal 216)
   defining Unicode char U+00DF (decimal 223)
   defining Unicode char U+00E6 (decimal 230)
   defining Unicode char U+00EC (decimal 236)
   defining Unicode char U+00ED (decimal 237)
   defining Unicode char U+00EE (decimal 238)
   defining Unicode char U+00EF (decimal 239)
   defining Unicode char U+00F8 (decimal 248)
   defining Unicode char U+0131 (decimal 305)
   defining Unicode char U+0141 (decimal 321)
   defining Unicode char U+0142 (decimal 322)
   defining Unicode char U+0152 (decimal 338)
   defining Unicode char U+0153 (decimal 339)
   defining Unicode char U+2013 (decimal 8211)
   defining Unicode char U+2014 (decimal 8212)
   defining Unicode char U+2018 (decimal 8216)
   defining Unicode char U+2019 (decimal 8217)
   defining Unicode char U+201C (decimal 8220)
   defining Unicode char U+201D (decimal 8221)
)
Now handling font encoding OMS ...
... processing UTF-8 mapping file for font encoding OMS

("C:\Program Files (x86)\MiKTeX 2.8\tex\latex\base\omsenc.dfu"
File: omsenc.dfu 2008/04/05 v1.1m UTF-8 support for inputenc
   defining Unicode char U+00A7 (decimal 167)
   defining Unicode char U+00B6 (decimal 182)
   defining Unicode char U+00B7 (decimal 183)
   defining Unicode char U+2020 (decimal 8224)
   defining Unicode char U+2021 (decimal 8225)
   defining Unicode char U+2022 (decimal 8226)
)
Now handling font encoding OMX ...
... no UTF-8 mapping file for font encoding OMX
Now handling font encoding U ...
... no UTF-8 mapping file for font encoding U
   defining Unicode char U+00A9 (decimal 169)
   defining Unicode char U+00AA (decimal 170)
   defining Unicode char U+00AE (decimal 174)
   defining Unicode char U+00BA (decimal 186)
   defining Unicode char U+02C6 (decimal 710)
   defining Unicode char U+02DC (decimal 732)
   defining Unicode char U+200C (decimal 8204)
   defining Unicode char U+2026 (decimal 8230)
   defining Unicode char U+2122 (decimal 8482)
   defining Unicode char U+2423 (decimal 9251)
))
   defining Unicode char U+00A0 (decimal 160)

("C:\Program Files (x86)\MiKTeX 2.8\tex\latex\mathdesign\mathdesign.sty"
Package: mathdesign 2006/01/29 v1.55 Math Design Project

("C:\Program Files (x86)\MiKTeX 2.8\tex\latex\graphics\keyval.sty"
Package: keyval 1999/03/16 v1.13 key=value parser (DPC)
\KV@toks@=\toks16
)
("C:\Program Files (x86)\MiKTeX 2.8\tex\latex\base\ifthen.sty"
Package: ifthen 2001/05/26 v1.1c Standard LaTeX ifthen package (DPC)
)
("C:\Program Files (x86)\MiKTeX 2.8\tex\latex\mathdesign\mdput\mdput.cfg")
("C:\Program Files (x86)\MiKTeX 2.8\tex\latex\mathdesign\mdput\mdput.sty"
Package: mdput 2006/01/29 v1.55 adobe utopia + mdput (Math Design Project)

("C:\Program Files (x86)\MiKTeX 2.8\tex\latex\mathdesign\mdfont.def"
File: mdfont.def 2006/01/29 v1.55 (Math Design Project)
)
("C:\Program Files (x86)\MiKTeX 2.8\tex\latex\mathdesign\mdsffont.def"
File: mdsffont.def 2006/01/29 v1.55 (Math Design Project)
)
("C:\Program Files (x86)\MiKTeX 2.8\tex\latex\mathdesign\mdttfont.def"
File: mdttfont.def 2006/01/29 v1.55 (Math Design Project)
)
\symmdcal=\mathgroup4
LaTeX Font Info:    Overwriting symbol font `mdcal' in version `bold'
(Font)                  OMS/mdput/m/n --> OMS/mdput/b/n on input line 89.
\symmdscr=\mathgroup5
LaTeX Font Info:    Overwriting symbol font `mdscr' in version `bold'
(Font)                  OMS/mdput/m/n --> OMS/mdput/b/n on input line 95.
LaTeX Font Info:    Overwriting math alphabet `\mathfrak' in version `bold'
(Font)                  U/xmdeuf/m/n --> U/xmdeuf/b/n on input line 102.
LaTeX Font Info:    Try loading font information for T1+mdput on input line 111
.

("C:\Program Files (x86)\MiKTeX 2.8\tex\latex\mathdesign\mdput\t1mdput.fd"
File: t1mdput.fd 2006/01/29 Fontinst v1.928 font definitions for T1/mdput.
)
LaTeX Font Info:    Font shape `T1/mdput/m/n' will be
(Font)              scaled to size 9.19998pt on input line 111.
LaTeX Font Info:    Overwriting symbol font `operators' in version `normal'
(Font)                  OT1/cmr/m/n --> OT1/mdput/m/n on input line 114.
LaTeX Font Info:    Overwriting symbol font `letters' in version `normal'
(Font)                  OML/cmm/m/it --> OML/mdput/m/it on input line 115.
LaTeX Font Info:    Overwriting symbol font `symbols' in version `normal'
(Font)                  OMS/cmsy/m/n --> OMS/mdput/m/n on input line 116.
LaTeX Font Info:    Overwriting symbol font `largesymbols' in version `normal'
(Font)                  OMX/cmex/m/n --> OMX/mdput/m/n on input line 117.
LaTeX Font Info:    Overwriting symbol font `operators' in version `bold'
(Font)                  OT1/cmr/bx/n --> OT1/mdput/b/n on input line 119.
LaTeX Font Info:    Overwriting symbol font `letters' in version `bold'
(Font)                  OML/cmm/b/it --> OML/mdput/b/it on input line 120.
LaTeX Font Info:    Overwriting symbol font `symbols' in version `bold'
(Font)                  OMS/cmsy/b/n --> OMS/mdput/b/n on input line 121.
LaTeX Font Info:    Overwriting symbol font `largesymbols' in version `bold'
(Font)                  OMX/cmex/m/n --> OMX/mdput/b/n on input line 122.
LaTeX Font Info:    Overwriting math alphabet `\mathrm' in version `normal'
(Font)                  OT1/mdput/m/n --> T1/mdput/m/n on input line 124.
LaTeX Font Info:    Overwriting math alphabet `\mathbf' in version `normal'
(Font)                  OT1/cmr/bx/n --> T1/mdput/b/n on input line 125.
LaTeX Font Info:    Overwriting math alphabet `\mathit' in version `normal'
(Font)                  OT1/cmr/m/it --> T1/mdput/m/it on input line 126.
LaTeX Font Info:    Overwriting math alphabet `\mathsf' in version `normal'
(Font)                  OT1/cmss/m/n --> T1/cmss/m/n on input line 127.
LaTeX Font Info:    Overwriting math alphabet `\mathtt' in version `normal'
(Font)                  OT1/cmtt/m/n --> T1/cmtt/m/n on input line 128.
LaTeX Font Info:    Overwriting math alphabet `\mathcal' in version `normal'
(Font)                  OMS/mdput/m/n --> OMS/mdput/m/n on input line 132.
LaTeX Font Info:    Overwriting math alphabet `\mathrm' in version `bold'
(Font)                  OT1/mdput/b/n --> T1/mdput/b/n on input line 137.
LaTeX Font Info:    Overwriting math alphabet `\mathbf' in version `bold'
(Font)                  OT1/cmr/bx/n --> T1/mdput/b/n on input line 138.
LaTeX Font Info:    Overwriting math alphabet `\mathit' in version `bold'
(Font)                  OT1/cmr/bx/it --> T1/mdput/b/it on input line 139.
LaTeX Font Info:    Overwriting math alphabet `\mathsf' in version `bold'
(Font)                  OT1/cmss/bx/n --> T1/cmss/b/n on input line 140.
LaTeX Font Info:    Overwriting math alphabet `\mathtt' in version `bold'
(Font)                  OT1/cmtt/m/n --> T1/cmtt/b/n on input line 141.
LaTeX Font Info:    Redeclaring math accent \widetilde on input line 153.
LaTeX Font Info:    Redeclaring math accent \widehat on input line 154.
\symlettersupright=\mathgroup6
LaTeX Font Info:    Overwriting symbol font `lettersupright' in version `bold'
(Font)                  OML/mdput/m/n --> OML/mdput/b/n on input line 190.
LaTeX Font Info:    Redeclaring math alphabet \mathrm on input line 193.
Now handling font encoding MDA ...
... no UTF-8 mapping file for font encoding MDA
\symmathdesignA=\mathgroup7
LaTeX Font Info:    Overwriting symbol font `mathdesignA' in version `bold'
(Font)                  MDA/mdput/m/n --> MDA/mdput/b/n on input line 382.
\@emptytoks=\toks17
LaTeX Font Info:    Redeclaring math accent \widetilde on input line 421.
LaTeX Font Info:    Redeclaring math accent \widehat on input line 422.
Now handling font encoding MDB ...
... no UTF-8 mapping file for font encoding MDB
\symmathdesignB=\mathgroup8
LaTeX Font Info:    Overwriting symbol font `mathdesignB' in version `bold'
(Font)                  MDB/mdput/m/n --> MDB/mdput/b/n on input line 685.
)
("C:\Program Files (x86)\MiKTeX 2.8\tex\latex\base\fontenc.sty"
Package: fontenc 2005/09/27 v1.99g Standard LaTeX package

("C:\Program Files (x86)\MiKTeX 2.8\tex\latex\base\t1enc.def"
File: t1enc.def 2005/09/27 v1.99g Standard LaTeX file
LaTeX Font Info:    Redeclaring font encoding T1 on input line 43.
)))
("C:\Program Files (x86)\MiKTeX 2.8\tex\latex\ams\math\amsmath.sty"
Package: amsmath 2000/07/18 v2.13 AMS math features
\@mathmargin=\skip43

For additional information on amsmath, use the `?' option.
("C:\Program Files (x86)\MiKTeX 2.8\tex\latex\ams\math\amstext.sty"
Package: amstext 2000/06/29 v2.01

("C:\Program Files (x86)\MiKTeX 2.8\tex\latex\ams\math\amsgen.sty"
File: amsgen.sty 1999/11/30 v2.0
\@emptytoks=\toks18
\ex@=\dimen103
))
("C:\Program Files (x86)\MiKTeX 2.8\tex\latex\ams\math\amsbsy.sty"
Package: amsbsy 1999/11/29 v1.2d
\pmbraise@=\dimen104
)
("C:\Program Files (x86)\MiKTeX 2.8\tex\latex\ams\math\amsopn.sty"
Package: amsopn 1999/12/14 v2.01 operator names
)
\inf@bad=\count87
LaTeX Info: Redefining \frac on input line 211.
\uproot@=\count88
\leftroot@=\count89
LaTeX Info: Redefining \overline on input line 307.
\classnum@=\count90
\DOTSCASE@=\count91
LaTeX Info: Redefining \ldots on input line 379.
LaTeX Info: Redefining \dots on input line 382.
LaTeX Info: Redefining \cdots on input line 467.
\Mathstrutbox@=\box26
\strutbox@=\box27
\big@size=\dimen105
LaTeX Font Info:    Redeclaring font encoding OML on input line 567.
LaTeX Font Info:    Redeclaring font encoding OMS on input line 568.
\macc@depth=\count92
\c@MaxMatrixCols=\count93
\dotsspace@=\muskip10
\c@parentequation=\count94
\dspbrk@lvl=\count95
\tag@help=\toks19
\row@=\count96
\column@=\count97
\maxfields@=\count98
\andhelp@=\toks20
\eqnshift@=\dimen106
\alignsep@=\dimen107
\tagshift@=\dimen108
\tagwidth@=\dimen109
\totwidth@=\dimen110
\lineht@=\dimen111
\@envbody=\toks21
\multlinegap=\skip44
\multlinetaggap=\skip45
\mathdisplay@stack=\toks22
LaTeX Info: Redefining \[ on input line 2666.
LaTeX Info: Redefining \] on input line 2667.
)
("C:\Program Files (x86)\MiKTeX 2.8\tex\generic\babel\babel.sty"
Package: babel 2008/07/06 v3.8l The Babel package

*************************************
* Local config file bblopts.cfg used
*
("C:\Program Files (x86)\MiKTeX 2.8\tex\latex\00miktex\bblopts.cfg"
File: bblopts.cfg 2006/07/31 v1.0 MiKTeX 'babel' configuration
)
("C:\Program Files (x86)\MiKTeX 2.8\tex\generic\babel\frenchb.ldf"
Language: frenchb 2009/03/16 v2.3d French support from the babel system

("C:\Program Files (x86)\MiKTeX 2.8\tex\generic\babel\babel.def"
File: babel.def 2008/07/06 v3.8l Babel common definitions
\babel@savecnt=\count99
\U@D=\dimen112
)
Package babel Info: Making : an active character on input line 120.
Package babel Info: Making ; an active character on input line 121.
Package babel Info: Making ! an active character on input line 122.
Package babel Info: Making ? an active character on input line 123.
\FB@Mht=\dimen113
\std@mcc=\count100
\dec@mcc=\count101
\parindentFFN=\dimen114

*************************************
* Local config file frenchb.cfg used
*
("C:\Program Files (x86)\MiKTeX 2.8\tex\generic\babel\frenchb.cfg")))
("C:\Program Files (x86)\MiKTeX 2.8\tex\latex\carlisle\scalefnt.sty")
("C:\Program Files (x86)\MiKTeX 2.8\tex\latex\graphics\graphicx.sty"
Package: graphicx 1999/02/16 v1.0f Enhanced LaTeX Graphics (DPC,SPQR)

("C:\Program Files (x86)\MiKTeX 2.8\tex\latex\graphics\graphics.sty"
Package: graphics 2009/02/05 v1.0o Standard LaTeX Graphics (DPC,SPQR)

("C:\Program Files (x86)\MiKTeX 2.8\tex\latex\graphics\trig.sty"
Package: trig 1999/03/16 v1.09 sin cos tan (DPC)
)
("C:\Program Files (x86)\MiKTeX 2.8\tex\latex\00miktex\graphics.cfg"
File: graphics.cfg 2007/01/18 v1.5 graphics configuration of teTeX/TeXLive
)
Package graphics Info: Driver file: dvips.def on input line 91.

("C:\Program Files (x86)\MiKTeX 2.8\tex\latex\graphics\dvips.def"
File: dvips.def 1999/02/16 v3.0i Driver-dependant file (DPC,SPQR)
))
\Gin@req@height=\dimen115
\Gin@req@width=\dimen116
)
("C:\Program Files (x86)\MiKTeX 2.8\tex\latex\here\here.sty")
("C:\Program Files (x86)\MiKTeX 2.8\tex\latex\float\float.sty"
Package: float 2001/11/08 v1.3d Float enhancements (AL)
\c@float@type=\count102
\float@exts=\toks23
\float@box=\box28
\@float@everytoks=\toks24
\@floatcapt=\box29
)
("C:\Program Files (x86)\MiKTeX 2.8\tex\latex\framed\framed.sty"
Package: framed 2007/10/04 v 0.95: framed or shaded text with page breaks
\fb@frw=\dimen117
\fb@frh=\dimen118
\FrameRule=\dimen119
\FrameSep=\dimen120
)
("C:\Program Files (x86)\MiKTeX 2.8\tex\latex\ulem\ulem.sty"
\UL@box=\box30
\UL@hyphenbox=\box31
\UL@skip=\skip46
\UL@hook=\toks25
\UL@pe=\count103
\UL@pixel=\dimen121
\ULC@box=\box32
Package: ulem 2010/01/21
\ULdepth=\dimen122
)
("C:\Program Files (x86)\MiKTeX 2.8\tex\latex\fancyhdr\fancyhdr.sty"
\fancy@headwidth=\skip47
\f@ncyO@elh=\skip48
\f@ncyO@erh=\skip49
\f@ncyO@olh=\skip50
\f@ncyO@orh=\skip51
\f@ncyO@elf=\skip52
\f@ncyO@erf=\skip53
\f@ncyO@olf=\skip54
\f@ncyO@orf=\skip55
)
("C:\Program Files (x86)\MiKTeX 2.8\tex\latex\titlesec\titlesec.sty"
Package: titlesec 2007/08/12 v2.8 Sectioning titles
\ttl@box=\box33
\beforetitleunit=\skip56
\aftertitleunit=\skip57
\ttl@plus=\dimen123
\ttl@minus=\dimen124
\ttl@toksa=\toks26
\titlewidth=\dimen125
\titlewidthlast=\dimen126
\titlewidthfirst=\dimen127
)
("C:\Program Files (x86)\MiKTeX 2.8\tex\latex\ieeepes\vmargin.sty"
Package: vmargin 1999/06/01

Package `vmargin', V2.2, <1999/06/01>
\PaperWidth=\dimen128
\PaperHeight=\dimen129
) ("C:\Program Files (x86)\MiKTeX 2.8\tex\latex\tools\longtable.sty"
Package: longtable 2004/02/01 v4.11 Multi-page Table package (DPC)
\LTleft=\skip58
\LTright=\skip59
\LTpre=\skip60
\LTpost=\skip61
\LTchunksize=\count104
\LTcapwidth=\dimen130
\LT@head=\box34
\LT@firsthead=\box35
\LT@foot=\box36
\LT@lastfoot=\box37
\LT@cols=\count105
\LT@rows=\count106
\c@LT@tables=\count107
\c@LT@chunks=\count108
\LT@p@ftn=\toks27
)
("C:\Program Files (x86)\MiKTeX 2.8\tex\latex\subfig\subfig.sty"
Package: subfig 2005/06/28 ver: 1.3 subfig package

("C:\Program Files (x86)\MiKTeX 2.8\tex\latex\caption\caption.sty"
Package: caption 2010/01/09 v3.1m Customizing captions (AR)

("C:\Program Files (x86)\MiKTeX 2.8\tex\latex\caption\caption3.sty"
Package: caption3 2010/01/14 v3.1m caption3 kernel (AR)
\captionmargin=\dimen131
\captionmargin@=\dimen132
\captionwidth=\dimen133
\caption@indent=\dimen134
\caption@parindent=\dimen135
\caption@hangindent=\dimen136
)
\c@ContinuedFloat=\count109
Package caption Info: float package is loaded.
Package caption Info: longtable package is loaded.

("C:\Program Files (x86)\MiKTeX 2.8\tex\latex\caption\ltcaption.sty"
Package: ltcaption 2008/03/28 v1.2 longtable captions (AR)
))
\c@KVtest=\count110
\sf@farskip=\skip62
\sf@captopadj=\dimen137
\sf@capskip=\skip63
\sf@nearskip=\skip64
\c@subfigure=\count111
\c@subfigure@save=\count112
\c@lofdepth=\count113
\c@subtable=\count114
\c@subtable@save=\count115
\c@lotdepth=\count116
\sf@top=\skip65
\sf@bottom=\skip66
)
("C:\Program Files (x86)\MiKTeX 2.8\tex\latex\multirow\multirow.sty"
\bigstrutjot=\dimen138
)
("C:\Program Files (x86)\MiKTeX 2.8\tex\latex\tools\multicol.sty"
Package: multicol 2008/12/05 v1.6h multicolumn formatting (FMi)
\c@tracingmulticols=\count117
\mult@box=\box38
\multicol@leftmargin=\dimen139
\c@unbalance=\count118
\c@collectmore=\count119
\doublecol@number=\count120
\multicoltolerance=\count121
\multicolpretolerance=\count122
\full@width=\dimen140
\page@free=\dimen141
\premulticols=\dimen142
\postmulticols=\dimen143
\multicolsep=\skip67
\multicolbaselineskip=\skip68
\partial@page=\box39
\last@line=\box40
\mult@rightbox=\box41
\mult@grightbox=\box42
\mult@gfirstbox=\box43
\mult@firstbox=\box44
\@tempa=\box45
\@tempa=\box46
\@tempa=\box47
\@tempa=\box48
\@tempa=\box49
\@tempa=\box50
\@tempa=\box51
\@tempa=\box52
\@tempa=\box53
\@tempa=\box54
\@tempa=\box55
\@tempa=\box56
\@tempa=\box57
\@tempa=\box58
\@tempa=\box59
\@tempa=\box60
\@tempa=\box61
\c@columnbadness=\count123
\c@finalcolumnbadness=\count124
\last@try=\dimen144
\multicolovershoot=\dimen145
\multicolundershoot=\dimen146
\mult@nat@firstbox=\box62
\colbreak@box=\box63
)
("C:\Program Files (x86)\MiKTeX 2.8\tex\latex\base\flafter.sty"
Package: flafter 2000/07/23 v1.2i Standard LaTeX floats after reference (FMi)
)
("C:\Program Files (x86)\MiKTeX 2.8\tex\latex\graphics\color.sty"
Package: color 2005/11/14 v1.0j Standard LaTeX Color (DPC)

("C:\Program Files (x86)\MiKTeX 2.8\tex\latex\00miktex\color.cfg"
File: color.cfg 2007/01/18 v1.5 color configuration of teTeX/TeXLive
)
Package color Info: Driver file: pdftex.def on input line 130.

("C:\Program Files (x86)\MiKTeX 2.8\tex\latex\pdftex-def\pdftex.def"
File: pdftex.def 2010/04/15 v0.04r Graphics/color for pdfTeX
\Gread@gobject=\count125
))
("C:\Program Files (x86)\MiKTeX 2.8\tex\latex\colortbl\colortbl.sty"
Package: colortbl 2001/02/13 v0.1j Color table columns (DPC)

("C:\Program Files (x86)\MiKTeX 2.8\tex\latex\tools\array.sty"
Package: array 2008/09/09 v2.4c Tabular extension package (FMi)
\col@sep=\dimen147
\extrarowheight=\dimen148
\NC@list=\toks28
\extratabsurround=\skip69
\backup@length=\skip70
)
\everycr=\toks29
\minrowclearance=\skip71
)
("C:\Program Files (x86)\MiKTeX 2.8\tex\latex\psfrag\psfrag.sty"
Package: psfrag 1998/04/11 v3.04 PSfrag (MCG)
\pfg@pcount=\count126
\pfg@scount=\count127
\pfg@temp=\write3
)
LaTeX Font Info:    Font shape `OT1/phv/b/n' will be
(Font)              scaled to size 68.95996pt on input line 524.
LaTeX Font Info:    Font shape `OT1/phv/m/it' in size <40> not available
(Font)              Font shape `OT1/phv/m/sl' tried instead on input line 526.
LaTeX Font Info:    Font shape `OT1/phv/m/sl' will be
(Font)              scaled to size 34.47998pt on input line 526.
LaTeX Font Info:    Font shape `T1/phv/b/n' will be
(Font)              scaled to size 21.54999pt on input line 528.

("C:\Program Files (x86)\MiKTeX 2.8\tex\latex\pst-solides3d\pst-solides3d.sty"
("C:\Program Files (x86)\MiKTeX 2.8\tex\latex\pstricks\pstricks.sty"
Package: pstricks 2010/08/28 v0.46 LaTeX wrapper for `PSTricks' (RN,HV)

("C:\Program Files (x86)\MiKTeX 2.8\tex\generic\pstricks\pstricks.tex"
("C:\Program Files (x86)\MiKTeX 2.8\tex\generic\xkeyval\pst-xkey.tex"
File: pst-xkey.tex 2005/11/25 v1.6 PSTricks specialization of xkeyval (HA)

("C:\Program Files (x86)\MiKTeX 2.8\tex\latex\xkeyval\xkeyval.sty"
Package: xkeyval 2008/08/13 v2.6a package option processing (HA)

("C:\Program Files (x86)\MiKTeX 2.8\tex\generic\xkeyval\xkeyval.tex"
\XKV@toks=\toks30
\XKV@tempa@toks=\toks31
\XKV@depth=\count128
File: xkeyval.tex 2008/08/13 v2.6a key=value parser (HA)
)))
("C:\Program Files (x86)\MiKTeX 2.8\tex\generic\pstricks\pst-fp.tex"
`pst-fp' v0.06, 2010/05/14 (hv)
\pstFP@xs=\count129
\pstFP@xia=\count130
\pstFP@xib=\count131
\pstFP@xfa=\count132
\pstFP@xfb=\count133
\pstFP@rega=\count134
\pstFP@regb=\count135
\pstFP@regs=\count136
\pstFP@times=\count137
)
\psLoopIndex=\count138

`PSTricks' v2.10  <2010/08/27> (tvz)
\pst@dima=\dimen149
\pst@dimb=\dimen150
\pst@dimc=\dimen151
\pst@dimd=\dimen152
\pst@dimg=\dimen153
\pst@dimh=\dimen154
\pst@dimm=\dimen155
\pst@dimn=\dimen156
\pst@dimo=\dimen157
\pst@dimp=\dimen158
\pst@hbox=\box64
\pst@boxg=\box65
\pst@cnta=\count139
\pst@cntb=\count140
\pst@cntc=\count141
\pst@cntd=\count142
\pst@cntg=\count143
\pst@cnth=\count144
\pst@cntm=\count145
\pst@cntn=\count146
\pst@cnto=\count147
\pst@cntp=\count148
\@zero=\count149
\pst@toks=\toks32
("C:\Program Files (x86)\MiKTeX 2.8\tex\generic\pstricks\pstricks.con")
\psunit=\dimen159
\psxunit=\dimen160
\psyunit=\dimen161
\pslinewidth=\dimen162
\pst@customdefs=\toks33
\pslinearc=\dimen163
\pst@symbolStep=\dimen164
\pst@symbolWidth=\dimen165
\everypsbox=\toks34
\psframesep=\dimen166
\pslabelsep=\dimen167
\pst@shift=\dimen168
\theoverlaybox=\box66
)
File: pstricks.tex 2010/08/27 v2.10 `PSTricks' (tvz,hv)

("C:\Program Files (x86)\MiKTeX 2.8\tex\generic\pstricks\pst-fp.tex")
File: pst-fp.tex 2010/08/27 v2.10 `PST-fp' (hv)

("C:\Program Files (x86)\MiKTeX 2.8\tex\latex\xcolor\xcolor.sty"
Package: xcolor 2007/01/21 v2.11 LaTeX color extensions (UK)

("C:\Program Files (x86)\MiKTeX 2.8\tex\latex\00miktex\color.cfg"
File: color.cfg 2007/01/18 v1.5 color configuration of teTeX/TeXLive
)
Package xcolor Info: Driver file: pdftex.def on input line 225.
LaTeX Info: Redefining \color on input line 702.
Package xcolor Info: Model `cmy' substituted by `cmy0' on input line 1337.
Package xcolor Info: Model `RGB' extended on input line 1353.
Package xcolor Info: Model `HTML' substituted by `rgb' on input line 1355.
Package xcolor Info: Model `Hsb' substituted by `hsb' on input line 1356.
Package xcolor Info: Model `tHsb' substituted by `hsb' on input line 1357.
Package xcolor Info: Model `HSB' substituted by `hsb' on input line 1358.
Package xcolor Info: Model `Gray' substituted by `gray' on input line 1359.
Package xcolor Info: Model `wave' substituted by `hsb' on input line 1360.
))
Package: pst-solides3d 2009/07/25 package wrapper for pst-solides3d

("C:\Program Files (x86)\MiKTeX 2.8\tex\generic\pst-solides3d\pst-solides3d.tex
" ("C:\Program Files (x86)\MiKTeX 2.8\tex\generic\pst-node\pst-node.tex"
 v1.13, 2010/06/06
\psrow=\count150
\pscol=\count151
\psmatrixcnt=\count152
\psrowsep=\skip72
\pscolsep=\skip73
\pst@args=\count153
\num@pts=\count154
\pst@argcnt=\count155
)
("C:\Program Files (x86)\MiKTeX 2.8\tex\generic\multido\multido.tex"
 v1.42, 2010/05/14 <tvz>
\multido@count=\count156
\multidocount=\count157
\multido@stuff=\toks35
) `PSTSOLIDESIIID' v4.20, 2010/07/23
\test@mode=\count158
)
File: pst-solides3d.tex 2010/07/23 v4.20 `PST-solides3D'
)
("C:\Program Files (x86)\MiKTeX 2.8\tex\latex\titlesec\titletoc.sty"
Package: titletoc 2007/08/12 v1.6 TOC entries
\ttl@leftsep=\dimen169
)
\oldparindent=\dimen170
)
("C:\Program Files (x86)\MiKTeX 2.8\tex\latex\hyperref\hyperref.sty"
Package: hyperref 2010/06/18 v6.81g Hypertext links for LaTeX

("C:\Program Files (x86)\MiKTeX 2.8\tex\generic\oberdiek\ltxcmds.sty"
Package: ltxcmds 2010/04/26 v1.7 LaTeX kernel commands for general use (HO)
)
("C:\Program Files (x86)\MiKTeX 2.8\tex\generic\oberdiek\kvsetkeys.sty"
Package: kvsetkeys 2010/03/01 v1.9 Key value parser (HO)

("C:\Program Files (x86)\MiKTeX 2.8\tex\generic\oberdiek\infwarerr.sty"
Package: infwarerr 2010/04/08 v1.3 Providing info/warning/message (HO)
)
("C:\Program Files (x86)\MiKTeX 2.8\tex\generic\oberdiek\etexcmds.sty"
Package: etexcmds 2010/01/28 v1.3 Prefix for e-TeX command names (HO)
Package etexcmds Info: Could not find \expanded.
(etexcmds)             That can mean that you are not using pdfTeX 1.50 or
(etexcmds)             that some package has redefined \expanded.
(etexcmds)             In the latter case, load this package earlier.
))
("C:\Program Files (x86)\MiKTeX 2.8\tex\generic\oberdiek\pdfescape.sty"
Package: pdfescape 2010/03/01 v1.9 Provides hex, PDF name and string conversion
s (HO)

("C:\Program Files (x86)\MiKTeX 2.8\tex\generic\oberdiek\pdftexcmds.sty"
Package: pdftexcmds 2010/04/01 v0.9 Utility functions of pdfTeX for LuaTeX (HO)


("C:\Program Files (x86)\MiKTeX 2.8\tex\generic\oberdiek\ifluatex.sty"
Package: ifluatex 2010/03/01 v1.3 Provides the ifluatex switch (HO)
Package ifluatex Info: LuaTeX not detected.
)
Package pdftexcmds Info: LuaTeX not detected.
Package pdftexcmds Info: \pdf@primitive is available.
Package pdftexcmds Info: \pdf@ifprimitive is available.
))
("C:\Program Files (x86)\MiKTeX 2.8\tex\generic\oberdiek\ifpdf.sty"
Package: ifpdf 2010/01/28 v2.1 Provides the ifpdf switch (HO)
Package ifpdf Info: pdfTeX in pdf mode detected.
)
("C:\Program Files (x86)\MiKTeX 2.8\tex\generic\oberdiek\ifvtex.sty"
Package: ifvtex 2010/03/01 v1.5 Switches for detecting VTeX and its modes (HO)
Package ifvtex Info: VTeX not detected.
)
("C:\Program Files (x86)\MiKTeX 2.8\tex\latex\ifxetex\ifxetex.sty"
Package: ifxetex 2009/01/23 v0.5 Provides ifxetex conditional
)
("C:\Program Files (x86)\MiKTeX 2.8\tex\latex\oberdiek\hycolor.sty"
Package: hycolor 2009/12/12 v1.6 Color options of hyperref/bookmark (HO)

("C:\Program Files (x86)\MiKTeX 2.8\tex\latex\oberdiek\xcolor-patch.sty"
Package: xcolor-patch 2009/12/12 xcolor patch
))
("C:\Program Files (x86)\MiKTeX 2.8\tex\latex\oberdiek\letltxmacro.sty"
Package: letltxmacro 2008/06/24 v1.3 Let assignment for LaTeX macros (HO)
)
\@linkdim=\dimen171
\Hy@linkcounter=\count159
\Hy@pagecounter=\count160

("C:\Program Files (x86)\MiKTeX 2.8\tex\latex\hyperref\pd1enc.def"
File: pd1enc.def 2010/06/18 v6.81g Hyperref: PDFDocEncoding definition (HO)
Now handling font encoding PD1 ...
... no UTF-8 mapping file for font encoding PD1
)
("C:\Program Files (x86)\MiKTeX 2.8\tex\generic\oberdiek\intcalc.sty"
Package: intcalc 2007/09/27 v1.1 Expandable integer calculations (HO)
)
("C:\Program Files (x86)\MiKTeX 2.8\tex\latex\00miktex\hyperref.cfg"
File: hyperref.cfg 2002/06/06 v1.2 hyperref configuration of TeXLive
)
("C:\Program Files (x86)\MiKTeX 2.8\tex\latex\oberdiek\kvoptions.sty"
Package: kvoptions 2010/02/22 v3.7 Keyval support for LaTeX options (HO)
)
Package hyperref Info: Option `colorlinks' set `true' on input line 3577.
Package hyperref Info: Hyper figures OFF on input line 3658.
Package hyperref Info: Link nesting OFF on input line 3663.
Package hyperref Info: Hyper index ON on input line 3666.
Package hyperref Info: Plain pages OFF on input line 3673.
Package hyperref Info: Backreferencing OFF on input line 3678.

Implicit mode ON; LaTeX internals redefined
Package hyperref Info: Bookmarks ON on input line 3874.
("C:\Program Files (x86)\MiKTeX 2.8\tex\latex\ltxmisc\url.sty"
\Urlmuskip=\muskip11
Package: url 2006/04/12  ver 3.3  Verb mode for urls, etc.
)
LaTeX Info: Redefining \url on input line 4159.

("C:\Program Files (x86)\MiKTeX 2.8\tex\generic\oberdiek\bitset.sty"
Package: bitset 2007/09/28 v1.0 Data type bit set (HO)

("C:\Program Files (x86)\MiKTeX 2.8\tex\generic\oberdiek\bigintcalc.sty"
Package: bigintcalc 2007/11/11 v1.1 Expandable big integer calculations (HO)
))
\Fld@menulength=\count161
\Field@Width=\dimen172
\Fld@charsize=\dimen173
\Field@toks=\toks36
Package hyperref Info: Hyper figures OFF on input line 5137.
Package hyperref Info: Link nesting OFF on input line 5142.
Package hyperref Info: Hyper index ON on input line 5145.
Package hyperref Info: backreferencing OFF on input line 5152.
Package hyperref Info: Link coloring ON on input line 5155.
Package hyperref Info: Link coloring with OCG OFF on input line 5162.
Package hyperref Info: PDF/A mode OFF on input line 5167.
LaTeX Info: Redefining \ref on input line 5207.
LaTeX Info: Redefining \pageref on input line 5211.

("C:\Program Files (x86)\MiKTeX 2.8\tex\generic\oberdiek\atbegshi.sty"
Package: atbegshi 2010/03/25 v1.12 At begin shipout hook (HO)
)
\Hy@abspage=\count162
\c@Item=\count163
\c@Hfootnote=\count164
)
* hyperref using default driver hpdftex *
("C:\Program Files (x86)\MiKTeX 2.8\tex\latex\hyperref\hpdftex.def"
File: hpdftex.def 2010/06/18 v6.81g Hyperref driver for pdfTeX

("C:\Program Files (x86)\MiKTeX 2.8\tex\latex\oberdiek\atveryend.sty"
Package: atveryend 2010/03/24 v1.5 Hooks at very end of document (HO)
Package atveryend Info: \enddocument detected (standard).
)
\Fld@listcount=\count165
\c@bookmark@seq@number=\count166

("C:\Program Files (x86)\MiKTeX 2.8\tex\latex\oberdiek\rerunfilecheck.sty"
Package: rerunfilecheck 2010/03/16 v1.6 Rerun checks for auxiliary files (HO)

("C:\Program Files (x86)\MiKTeX 2.8\tex\generic\oberdiek\uniquecounter.sty"
Package: uniquecounter 2009/12/18 v1.1 Provides unlimited unique counter (HO)
)
Package uniquecounter Info: New unique counter `rerunfilecheck' on input line 2
71.
)
\Hy@SectionHShift=\skip74
)
("C:\Program Files (x86)\MiKTeX 2.8\tex\latex\psnfss\pifont.sty"
Package: pifont 2005/04/12 PSNFSS-v9.2a Pi font support (SPQR) 
LaTeX Font Info:    Try loading font information for U+pzd on input line 63.

("C:\Program Files (x86)\MiKTeX 2.8\tex\latex\psnfss\upzd.fd"
File: upzd.fd 2001/06/04 font definitions for U/pzd.
)
LaTeX Font Info:    Try loading font information for U+psy on input line 64.

("C:\Program Files (x86)\MiKTeX 2.8\tex\latex\psnfss\upsy.fd"
File: upsy.fd 2001/06/04 font definitions for U/psy.
))
(D:\GitHub\CI_03_EtudeCinematique\03_Parametrage\Cours\03_Parametrage.aux)
LaTeX Font Info:    Checking defaults for OML/cmm/m/it on input line 48.
LaTeX Font Info:    ... okay on input line 48.
LaTeX Font Info:    Checking defaults for T1/cmr/m/n on input line 48.
LaTeX Font Info:    ... okay on input line 48.
LaTeX Font Info:    Checking defaults for OT1/cmr/m/n on input line 48.
LaTeX Font Info:    ... okay on input line 48.
LaTeX Font Info:    Checking defaults for OMS/cmsy/m/n on input line 48.
LaTeX Font Info:    ... okay on input line 48.
LaTeX Font Info:    Checking defaults for OMX/cmex/m/n on input line 48.
LaTeX Font Info:    ... okay on input line 48.
LaTeX Font Info:    Checking defaults for U/cmr/m/n on input line 48.
LaTeX Font Info:    ... okay on input line 48.
LaTeX Font Info:    Checking defaults for MDA/cmr/m/n on input line 48.
LaTeX Font Info:    Try loading font information for MDA+cmr on input line 48.

("C:\Program Files (x86)\MiKTeX 2.8\tex\latex\mathdesign\mdacmr.fd"
File: mdacmr.fd 
)
LaTeX Font Info:    ... okay on input line 48.
LaTeX Font Info:    Checking defaults for MDB/cmr/m/n on input line 48.
LaTeX Font Info:    Try loading font information for MDB+cmr on input line 48.

("C:\Program Files (x86)\MiKTeX 2.8\tex\latex\mathdesign\mdbcmr.fd"
File: mdbcmr.fd 
)
LaTeX Font Info:    ... okay on input line 48.
LaTeX Font Info:    Checking defaults for PD1/pdf/m/n on input line 48.
LaTeX Font Info:    ... okay on input line 48.
LaTeX Info: Redefining \degres on input line 48.
LaTeX Info: Redefining \dots on input line 48.
LaTeX Info: Redefining \up on input line 48.
Package caption Info: Begin \AtBeginDocument code.
Package caption3 Info: subfig package 1.2 or 1.3 is loaded.
LaTeX Info: Redefining \subref on input line 48.
Package caption Info: hyperref package is loaded.
Package caption Info: End \AtBeginDocument code.

("C:\Program Files (x86)\MiKTeX 2.8\tex\context\base\supp-pdf.tex"
[Loading MPS to PDF converter (version 2006.09.02).]
\scratchcounter=\count167
\scratchdimen=\dimen174
\scratchbox=\box67
\nofMPsegments=\count168
\nofMParguments=\count169
\everyMPshowfont=\toks37
\MPscratchCnt=\count170
\MPscratchDim=\dimen175
\MPnumerator=\count171
\everyMPtoPDFconversion=\toks38
)
\AtBeginShipoutBox=\box68
Package hyperref Info: Link coloring ON on input line 48.
 ("C:\Program Files (x86)\MiKTeX 2.8\tex\latex\hyperref\nameref.sty"
Package: nameref 2010/04/30 v2.40 Cross-referencing by name of section

("C:\Program Files (x86)\MiKTeX 2.8\tex\latex\oberdiek\refcount.sty"
Package: refcount 2008/08/11 v3.1 Data extraction from references (HO)
)
("C:\Program Files (x86)\MiKTeX 2.8\tex\generic\oberdiek\gettitlestring.sty"
Package: gettitlestring 2009/12/18 v1.3 Cleanup title references (HO)
)
\c@section@level=\count172
)
LaTeX Info: Redefining \ref on input line 48.
LaTeX Info: Redefining \pageref on input line 48.
LaTeX Info: Redefining \nameref on input line 48.

(D:\GitHub\CI_03_EtudeCinematique\03_Parametrage\Cours\03_Parametrage.out)
(D:\GitHub\CI_03_EtudeCinematique\03_Parametrage\Cours\03_Parametrage.out)
\@outlinefile=\write4

(D:\GitHub\CI_03_EtudeCinematique\03_Parametrage\Cours\style/entete1.tex)
LaTeX Font Info:    Font shape `T1/mdput/m/n' will be
(Font)              scaled to size 19.08076pt on input line 54.
LaTeX Font Info:    Font shape `T1/mdput/m/fsc' will be
(Font)              scaled to size 19.08076pt on input line 54.
LaTeX Font Info:    Font shape `T1/mdput/m/n' will be
(Font)              scaled to size 15.89755pt on input line 58.
LaTeX Font Info:    Font shape `T1/mdput/m/fsc' will be
(Font)              scaled to size 15.89755pt on input line 58.
LaTeX Font Info:    Font shape `T1/mdput/m/it' will be
(Font)              scaled to size 9.19998pt on input line 89.
LaTeX Font Info:    Font shape `T1/cmss/m/it' will be
(Font)              scaled to size 10.14008pt on input line 89.


Package xcolor Warning: Incompatible color definition on input line 89.


Package xcolor Warning: Incompatible color definition on input line 89.

LaTeX Font Info:    Font shape `T1/mdput/bx/n' in size <10> not available
(Font)              Font shape `T1/mdput/b/n' tried instead on input line 89.
LaTeX Font Info:    Font shape `T1/mdput/b/n' will be
(Font)              scaled to size 9.19998pt on input line 89.

Package xcolor Warning: Incompatible color definition on input line 98.


Package xcolor Warning: Incompatible color definition on input line 98.


Package xcolor Warning: Incompatible color definition on input line 98.


Package xcolor Warning: Incompatible color definition on input line 98.

LaTeX Font Info:    Font shape `T1/mdput/m/n' will be
(Font)              scaled to size 13.24796pt on input line 107.
LaTeX Font Info:    Font shape `T1/cmss/m/n' will be
(Font)              scaled to size 14.6017pt on input line 107.
LaTeX Font Info:    Font shape `T1/cmss/bx/n' will be
(Font)              scaled to size 14.6017pt on input line 107.
(D:\GitHub\CI_03_EtudeCinematique\03_Parametrage\Cours\03_Parametrage.toc
LaTeX Font Info:    Font shape `T1/cmss/m/n' will be
(Font)              scaled to size 10.14008pt on input line 2.
)
\tf@toc=\write5


Package xcolor Warning: Incompatible color definition on input line 114.


Package xcolor Warning: Incompatible color definition on input line 117.


Package xcolor Warning: Incompatible color definition on input line 117.

LaTeX Font Info:    Try loading font information for OT1+mdput on input line 11
9.
("C:\Program Files (x86)\MiKTeX 2.8\tex\latex\mathdesign\mdput\ot1mdput.fd"
File: ot1mdput.fd 2006/01/29 Fontinst v1.928 font definitions for OT1/mdput.
)
LaTeX Font Info:    Font shape `OT1/mdput/m/n' will be
(Font)              scaled to size 9.19998pt on input line 119.
LaTeX Font Info:    Font shape `OT1/mdput/m/n' will be
(Font)              scaled to size 6.43999pt on input line 119.
LaTeX Font Info:    Font shape `OT1/mdput/m/n' will be
(Font)              scaled to size 4.59999pt on input line 119.
LaTeX Font Info:    Try loading font information for OML+mdput on input line 11
9.

("C:\Program Files (x86)\MiKTeX 2.8\tex\latex\mathdesign\mdput\omlmdput.fd"
File: omlmdput.fd 2006/01/29 Fontinst v1.928 font definitions for OML/mdput.
)
LaTeX Font Info:    Font shape `OML/mdput/m/it' will be
(Font)              scaled to size 9.19998pt on input line 119.
LaTeX Font Info:    Font shape `OML/mdput/m/it' will be
(Font)              scaled to size 6.43999pt on input line 119.
LaTeX Font Info:    Font shape `OML/mdput/m/it' will be
(Font)              scaled to size 4.59999pt on input line 119.
LaTeX Font Info:    Try loading font information for OMS+mdput on input line 11
9.

("C:\Program Files (x86)\MiKTeX 2.8\tex\latex\mathdesign\mdput\omsmdput.fd"
File: omsmdput.fd 2006/01/29 Fontinst v1.928 font definitions for OMS/mdput.
)
LaTeX Font Info:    Font shape `OMS/mdput/m/n' will be
(Font)              scaled to size 9.19998pt on input line 119.
LaTeX Font Info:    Font shape `OMS/mdput/m/n' will be
(Font)              scaled to size 6.43999pt on input line 119.
LaTeX Font Info:    Font shape `OMS/mdput/m/n' will be
(Font)              scaled to size 4.59999pt on input line 119.
LaTeX Font Info:    Try loading font information for OMX+mdput on input line 11
9.

("C:\Program Files (x86)\MiKTeX 2.8\tex\latex\mathdesign\mdput\omxmdput.fd"
File: omxmdput.fd 2006/01/29 Fontinst v1.928 font definitions for OMX/mdput.
)
LaTeX Font Info:    Font shape `OMX/mdput/m/n' will be
(Font)              scaled to size 9.19998pt on input line 119.
LaTeX Font Info:    Font shape `OMX/mdput/m/n' will be
(Font)              scaled to size 6.43999pt on input line 119.
LaTeX Font Info:    Font shape `OMX/mdput/m/n' will be
(Font)              scaled to size 4.59999pt on input line 119.
LaTeX Font Info:    Font shape `OML/mdput/m/n' will be
(Font)              scaled to size 9.19998pt on input line 119.
LaTeX Font Info:    Font shape `OML/mdput/m/n' will be
(Font)              scaled to size 6.43999pt on input line 119.
LaTeX Font Info:    Font shape `OML/mdput/m/n' will be
(Font)              scaled to size 4.59999pt on input line 119.
LaTeX Font Info:    Try loading font information for MDA+mdput on input line 11
9.

("C:\Program Files (x86)\MiKTeX 2.8\tex\latex\mathdesign\mdput\mdamdput.fd"
File: mdamdput.fd 2006/01/29 Fontinst v1.928 font definitions for MDA/mdput.
)
LaTeX Font Info:    Font shape `MDA/mdput/m/n' will be
(Font)              scaled to size 9.19998pt on input line 119.
LaTeX Font Info:    Font shape `MDA/mdput/m/n' will be
(Font)              scaled to size 6.43999pt on input line 119.
LaTeX Font Info:    Font shape `MDA/mdput/m/n' will be
(Font)              scaled to size 4.59999pt on input line 119.
LaTeX Font Info:    Try loading font information for MDB+mdput on input line 11
9.

("C:\Program Files (x86)\MiKTeX 2.8\tex\latex\mathdesign\mdput\mdbmdput.fd"
File: mdbmdput.fd 2006/01/29 Fontinst v1.928 font definitions for MDB/mdput.
)
LaTeX Font Info:    Font shape `MDB/mdput/m/n' will be
(Font)              scaled to size 9.19998pt on input line 119.
LaTeX Font Info:    Font shape `MDB/mdput/m/n' will be
(Font)              scaled to size 6.43999pt on input line 119.
LaTeX Font Info:    Font shape `MDB/mdput/m/n' will be
(Font)              scaled to size 4.59999pt on input line 119.
LaTeX Font Info:    Font shape `T1/mdput/m/n' will be
(Font)              scaled to size 6.43999pt on input line 122.
LaTeX Font Info:    Font shape `T1/mdput/m/n' will be
(Font)              scaled to size 4.59999pt on input line 122.


Package xcolor Warning: Incompatible color definition on input line 125.


Package xcolor Warning: Incompatible color definition on input line 125.


Package xcolor Warning: Incompatible color definition on input line 125.


Package xcolor Warning: Incompatible color definition on input line 125.


Package xcolor Warning: Incompatible color definition on input line 130.


Package xcolor Warning: Incompatible color definition on input line 130.


Underfull \hbox (badness 2142) in paragraph at lines 132--133
\T1/mdput/m/n/10 di-recte $[]$. Le point d'ori-gine ainsi que la base forme un 
re-père or-tho-normé di-rect nommé $\OMS/mdput/m/n/10 R[] \OT1/mdput/m/n/10 =$
 []


Package xcolor Warning: Incompatible color definition on input line 134.


Package xcolor Warning: Incompatible color definition on input line 134.


Package xcolor Warning: Incompatible color definition on input line 134.


Package xcolor Warning: Incompatible color definition on input line 134.


Package xcolor Warning: Incompatible color definition on input line 137.


Package xcolor Warning: Incompatible color definition on input line 137.

<png/logo_ptsi.png, id=45, 384.43625pt x 190.7125pt>
File: png/logo_ptsi.png Graphic file (type png)
 <use png/logo_ptsi.png>
LaTeX Font Info:    Font shape `T1/mdput/m/n' will be
(Font)              scaled to size 7.35999pt on input line 137.
LaTeX Font Info:    Font shape `T1/mdput/m/it' will be
(Font)              scaled to size 7.35999pt on input line 137.
LaTeX Font Info:    Font shape `T1/cmss/m/it' will be
(Font)              scaled to size 8.11206pt on input line 137.
LaTeX Font Info:    Font shape `T1/mdput/m/fsc' will be
(Font)              scaled to size 7.35999pt on input line 137.
LaTeX Font Info:    Font shape `T1/mdput/bx/n' in size <8> not available
(Font)              Font shape `T1/mdput/b/n' tried instead on input line 137.
LaTeX Font Info:    Font shape `T1/mdput/b/n' will be
(Font)              scaled to size 7.35999pt on input line 137.

[1
Non-PDF special ignored!
Non-PDF special ignored!
Non-PDF special ignored!
Non-PDF special ignored!
Non-PDF special ignored!
Non-PDF special ignored!{C:/ProgramData/MiKTeX/2.8/pdftex/config/pdftex.map}


Non-PDF special ignored!
Non-PDF special ignored!
Non-PDF special ignored! <D:/GitHub/CI_03_EtudeCinematique/03_Parametrage/Cours
/png/logo_ptsi.png>]

Package xcolor Warning: Incompatible color definition on input line 150.


Package xcolor Warning: Incompatible color definition on input line 150.


Package xcolor Warning: Incompatible color definition on input line 150.


Package xcolor Warning: Incompatible color definition on input line 150.


Package xcolor Warning: Incompatible color definition on input line 154.


Package xcolor Warning: Incompatible color definition on input line 154.


Package xcolor Warning: Incompatible color definition on input line 159.


Package xcolor Warning: Incompatible color definition on input line 159.


Package xcolor Warning: Incompatible color definition on input line 159.


Package xcolor Warning: Incompatible color definition on input line 159.


Package xcolor Warning: Incompatible color definition on input line 162.


Package xcolor Warning: Incompatible color definition on input line 162.

<png/modelisme.png, id=65, 2298.5875pt x 1130.2225pt>
File: png/modelisme.png Graphic file (type png)
 <use png/modelisme.png>
Underfull \hbox (badness 10000) in paragraph at lines 167--168
[]\T1/mdput/m/n/10 On peut donc au bâti 1 le re-père
 []


Underfull \hbox (badness 2181) in paragraph at lines 167--168
\T1/mdput/m/n/10 or-tho-normé di-rect $\OMS/mdput/m/n/10 R[] \OT1/mdput/m/n/10 
= []$\T1/mdput/m/n/10 . Le
 []


Underfull \hbox (badness 2961) in paragraph at lines 167--168
\T1/mdput/m/n/10 pa-ra-mé-trage du point $\OML/mdput/m/it/10 D$ \T1/mdput/m/n/1
0 est donné par le
 []

<png/solide_0.png, id=66, 701.62125pt x 509.905pt>
File: png/solide_0.png Graphic file (type png)
 <use png/solide_0.png>

Package xcolor Warning: Incompatible color definition on input line 174.


Package xcolor Warning: Incompatible color definition on input line 174.


Package xcolor Warning: Incompatible color definition on input line 174.


Package xcolor Warning: Incompatible color definition on input line 174.


Underfull \vbox (badness 10000) detected at line 174
 []


Package xcolor Warning: Incompatible color definition on input line 174.


Package xcolor Warning: Incompatible color definition on input line 174.

File: png/logo_ptsi.png Graphic file (type png)
<use png/logo_ptsi.png> [2 <D:/GitHub/CI_03_EtudeCinematique/03_Parametrage/Cou
rs/png/modelisme.png>]

Package xcolor Warning: Incompatible color definition on input line 174.


Package xcolor Warning: Incompatible color definition on input line 174.


Package xcolor Warning: Incompatible color definition on input line 174.


Package xcolor Warning: Incompatible color definition on input line 174.


Package xcolor Warning: Incompatible color definition on input line 177.


Package xcolor Warning: Incompatible color definition on input line 177.


Package xcolor Warning: Incompatible color definition on input line 178.


Package xcolor Warning: Incompatible color definition on input line 178.


Package xcolor Warning: Incompatible color definition on input line 178.


Package xcolor Warning: Incompatible color definition on input line 178.


Package xcolor Warning: Incompatible color definition on input line 180.

LaTeX Font Info:    Font shape `T1/mdput/m/n' will be
(Font)              scaled to size 11.03998pt on input line 181.
LaTeX Font Info:    Font shape `T1/cmss/m/n' will be
(Font)              scaled to size 12.16809pt on input line 181.
LaTeX Font Info:    Font shape `T1/cmss/bx/n' will be
(Font)              scaled to size 12.16809pt on input line 181.

Package xcolor Warning: Incompatible color definition on input line 181.


Package xcolor Warning: Incompatible color definition on input line 183.


Package xcolor Warning: Incompatible color definition on input line 183.


Package xcolor Warning: Incompatible color definition on input line 184.


Package xcolor Warning: Incompatible color definition on input line 184.


Package xcolor Warning: Incompatible color definition on input line 184.


Package xcolor Warning: Incompatible color definition on input line 184.


Package xcolor Warning: Incompatible color definition on input line 186.


Package xcolor Warning: Incompatible color definition on input line 189.


Package xcolor Warning: Incompatible color definition on input line 189.


Package xcolor Warning: Incompatible color definition on input line 190.


Package xcolor Warning: Incompatible color definition on input line 190.


Package xcolor Warning: Incompatible color definition on input line 190.


Package xcolor Warning: Incompatible color definition on input line 190.


Package xcolor Warning: Incompatible color definition on input line 193.


Package xcolor Warning: Incompatible color definition on input line 193.

<png/glissiere_p.png, id=72, 382.42876pt x 220.825pt>
File: png/glissiere_p.png Graphic file (type png)

<use png/glissiere_p.png>

Package xcolor Warning: Incompatible color definition on input line 206.


Package xcolor Warning: Incompatible color definition on input line 206.


Package xcolor Warning: Incompatible color definition on input line 206.


Package xcolor Warning: Incompatible color definition on input line 206.


Package xcolor Warning: Incompatible color definition on input line 209.


Package xcolor Warning: Incompatible color definition on input line 209.


Package xcolor Warning: Incompatible color definition on input line 214.


Package xcolor Warning: Incompatible color definition on input line 214.


Package xcolor Warning: Incompatible color definition on input line 214.


Package xcolor Warning: Incompatible color definition on input line 214.


Package xcolor Warning: Incompatible color definition on input line 214.


Package xcolor Warning: Incompatible color definition on input line 214.

File: png/logo_ptsi.png Graphic file (type png)
<use png/logo_ptsi.png> [3 <D:/GitHub/CI_03_EtudeCinematique/03_Parametrage/Cou
rs/png/solide_0.png> <D:/GitHub/CI_03_EtudeCinematique/03_Parametrage/Cours/png
/glissiere_p.png>]

Package xcolor Warning: Incompatible color definition on input line 214.


Package xcolor Warning: Incompatible color definition on input line 214.


Package xcolor Warning: Incompatible color definition on input line 214.


Package xcolor Warning: Incompatible color definition on input line 214.


Package xcolor Warning: Incompatible color definition on input line 218.


Package xcolor Warning: Incompatible color definition on input line 221.


Package xcolor Warning: Incompatible color definition on input line 221.


Package xcolor Warning: Incompatible color definition on input line 224.


Package xcolor Warning: Incompatible color definition on input line 224.


Package xcolor Warning: Incompatible color definition on input line 224.


Package xcolor Warning: Incompatible color definition on input line 224.


Package xcolor Warning: Incompatible color definition on input line 229.


Package xcolor Warning: Incompatible color definition on input line 229.

<png/pivot_p.png, id=81, 512.91624pt x 545.03625pt>
File: png/pivot_p.png Graphic file (type png)
 <use png/pivot_p.png>

Package xcolor Warning: Incompatible color definition on input line 239.


Package xcolor Warning: Incompatible color definition on input line 239.


Package xcolor Warning: Incompatible color definition on input line 239.


Package xcolor Warning: Incompatible color definition on input line 239.


Package xcolor Warning: Incompatible color definition on input line 241.


Package xcolor Warning: Incompatible color definition on input line 244.


Package xcolor Warning: Incompatible color definition on input line 244.

<png/param_euler.png, id=82, 1387.1825pt x 375.4025pt>
File: png/param_euler.png Graphic file (type png)

<use png/param_euler.png>

Package xcolor Warning: Incompatible color definition on input line 255.


Package xcolor Warning: Incompatible color definition on input line 255.


Package xcolor Warning: Incompatible color definition on input line 255.


Package xcolor Warning: Incompatible color definition on input line 255.


Package xcolor Warning: Incompatible color definition on input line 255.


Package xcolor Warning: Incompatible color definition on input line 255.

File: png/logo_ptsi.png Graphic file (type png)
<use png/logo_ptsi.png> [4 <D:/GitHub/CI_03_EtudeCinematique/03_Parametrage/Cou
rs/png/pivot_p.png>]

Package xcolor Warning: Incompatible color definition on input line 255.


Package xcolor Warning: Incompatible color definition on input line 255.


Package xcolor Warning: Incompatible color definition on input line 255.


Package xcolor Warning: Incompatible color definition on input line 255.


Package xcolor Warning: Incompatible color definition on input line 257.


Package xcolor Warning: Incompatible color definition on input line 259.

File: png/glissiere_p.png Graphic file (type png)
<use png/glissiere_p.png>

Package xcolor Warning: Incompatible color definition on input line 270.

<png/pivot_p2.png, id=90, 728.7225pt x 217.81375pt>
File: png/pivot_p2.png Graphic file (type png)
 <use png/pivot_p2.png>
Overfull \hbox (127.46185pt too wide) in paragraph at lines 273--274
 [] 
 []


Package xcolor Warning: Incompatible color definition on input line 279.

<png/helico_p.png, id=91, 382.42876pt x 250.9375pt>
File: png/helico_p.png Graphic file (type png)
 <use png/helico_p.png>

Package xcolor Warning: Incompatible color definition on input line 291.

<png/pivotg_p.png, id=92, 845.1575pt x 220.825pt>
File: png/pivotg_p.png Graphic file (type png)
 <use png/pivotg_p.png>
Overfull \hbox (168.57623pt too wide) in paragraph at lines 294--295
 [] 
 []

File: png/logo_ptsi.png Graphic file (type png)
<use png/logo_ptsi.png> [5 <D:/GitHub/CI_03_EtudeCinematique/03_Parametrage/Cou
rs/png/param_euler.png> <D:/GitHub/CI_03_EtudeCinematique/03_Parametrage/Cours/
png/pivot_p2.png> <D:/GitHub/CI_03_EtudeCinematique/03_Parametrage/Cours/png/he
lico_p.png>]

Package xcolor Warning: Incompatible color definition on input line 303.


Package xcolor Warning: Incompatible color definition on input line 313.

<png/plan_p.png, id=104, 629.35126pt x 257.96375pt>
File: png/plan_p.png Graphic file (type png)
 <use png/plan_p.png>
Overfull \hbox (50.13707pt too wide) in paragraph at lines 316--317
 [] 
 []


Package xcolor Warning: Incompatible color definition on input line 325.

<png/rotule_3d.png, id=105, 370.38374pt x 334.24875pt>
File: png/rotule_3d.png Graphic file (type png)
 <use png/rotule_3d.png>

Package xcolor Warning: Incompatible color definition on input line 335.

<png/annulaire_3d.png, id=106, 355.3275pt x 334.24875pt>
File: png/annulaire_3d.png Graphic file (type png)

<use png/annulaire_3d.png>

Package xcolor Warning: Incompatible color definition on input line 347.

<png/rectiligne_p.png, id=107, 629.35126pt x 219.82124pt>
File: png/rectiligne_p.png Graphic file (type png)

<use png/rectiligne_p.png>
Overfull \hbox (86.27359pt too wide) in paragraph at lines 350--351
 [] 
 []


Package xcolor Warning: Incompatible color definition on input line 359.

<png/ponctuelle_3d.png, id=108, 344.28625pt x 254.9525pt>
File: png/ponctuelle_3d.png Graphic file (type png)

<use png/ponctuelle_3d.png>
File: png/logo_ptsi.png Graphic file (type png)
 <use png/logo_ptsi.png> [6 <D:/GitHub/CI_03_EtudeCinematique/03_Parametrage/Co
urs/png/pivotg_p.png> <D:/GitHub/CI_03_EtudeCinematique/03_Parametrage/Cours/pn
g/plan_p.png> <D:/GitHub/CI_03_EtudeCinematique/03_Parametrage/Cours/png/rotule
_3d.png> <D:/GitHub/CI_03_EtudeCinematique/03_Parametrage/Cours/png/annulaire_3
d.png> <D:/GitHub/CI_03_EtudeCinematique/03_Parametrage/Cours/png/rectiligne_p.
png>]
Package atveryend Info: Empty hook `BeforeClearDocument' on input line 376.
File: png/logo_ptsi.png Graphic file (type png)
 <use png/logo_ptsi.png> [7 <D:/GitHub/CI_03_EtudeCinematique/03_Parametrage/Co
urs/png/ponctuelle_3d.png>]
Package atveryend Info: Empty hook `AfterLastShipout' on input line 376.

(D:\GitHub\CI_03_EtudeCinematique\03_Parametrage\Cours\03_Parametrage.aux)
Package atveryend Info: Executing hook `AtVeryEndDocument' on input line 376.
Package rerunfilecheck Info: File `03_Parametrage.out' has not changed.
(rerunfilecheck)             Checksum: E44B3CB247533E714EBD179BEB6C32DE;554.
 ) 
Here is how much of TeX's memory you used:
 12690 strings out of 495285
 185272 string characters out of 3179797
 318501 words of memory out of 3000000
 15501 multiletter control sequences out of 15000+200000
 148150 words of font info for 93 fonts, out of 3000000 for 9000
 14 hyphenation exceptions out of 8191
 46i,18n,57p,657b,491s stack positions out of 5000i,500n,10000p,200000b,50000s
{C:/Program Files (x86)/MiKTeX 2.8/fonts/enc/dvips/cm-super/cm-super-t1.enc}{
C:/Program Files (x86)/MiKTeX 2.8/fonts/enc/dvips/fontname/texnansi.enc}<C:/Pro
gram Files (x86)/MiKTeX 2.8/fonts/type1/mathdesign/mdput/md-utr7t.pfb><C:/Progr
am Files (x86)/MiKTeX 2.8/fonts/type1/mathdesign/mdput/md-utr7v.pfb><C:/Program
 Files (x86)/MiKTeX 2.8/fonts/type1/mathdesign/mdput/md-utr7y.pfb><C:/Program F
iles (x86)/MiKTeX 2.8/fonts/type1/mathdesign/mdput/md-utr8t.pfb><C:/Program Fil
es (x86)/MiKTeX 2.8/fonts/type1/mathdesign/mdput/md-utri7m.pfb><C:/Program File
s (x86)/MiKTeX 2.8/fonts/type1/mathdesign/mdput/md-utrma.pfb><C:/Program Files 
(x86)/MiKTeX 2.8/fonts/type1/adobe/utopia/putb8a.pfb><C:/Program Files (x86)/Mi
KTeX 2.8/fonts/type1/adobe/utopia/putr8a.pfb><C:/Program Files (x86)/MiKTeX 2.8
/fonts/type1/adobe/utopia/putri8a.pfb><C:/Program Files (x86)/MiKTeX 2.8/fonts/
type1/public/cm-super/sfsi0800.pfb><C:/Program Files (x86)/MiKTeX 2.8/fonts/typ
e1/public/cm-super/sfsi1000.pfb><C:/Program Files (x86)/MiKTeX 2.8/fonts/type1/
public/cm-super/sfss1000.pfb><C:/Program Files (x86)/MiKTeX 2.8/fonts/type1/pub
lic/cm-super/sfsx1200.pfb><C:/Program Files (x86)/MiKTeX 2.8/fonts/type1/public
/cm-super/sfsx1440.pfb>
Output written on 03_Parametrage.pdf (7 pages, 1181598 bytes).
PDF statistics:
 189 PDF objects out of 1000 (max. 8388607)
 31 named destinations out of 1000 (max. 500000)
 127 words of extra memory for PDF output out of 10000 (max. 10000000)

