\BOOKMARK [1][-]{section.1}{Vecteurs}{}% 1
\BOOKMARK [2][-]{subsection.1.1}{D\351finitions}{section.1}% 2
\BOOKMARK [2][-]{subsection.1.2}{R\350gles de calcul}{section.1}% 3
\BOOKMARK [1][-]{section.2}{Modes de rep\351rage dans l'espace}{}% 4
\BOOKMARK [2][-]{subsection.2.1}{Rep\350re\(s\) cart\351sien\(s\) de l'espace}{section.2}% 5
\BOOKMARK [2][-]{subsection.2.2}{Orientation de l'espace, rep\350res \(orthonorm\351s\) directs}{section.2}% 6
\BOOKMARK [2][-]{subsection.2.3}{Exemple}{section.2}% 7
\BOOKMARK [2][-]{subsection.2.4}{Coordonn\351es cylindriques}{section.2}% 8
\BOOKMARK [2][-]{subsection.2.5}{Coordonn\351es sph\351riques}{section.2}% 9
\BOOKMARK [1][-]{section.3}{Produit scalaire}{}% 10
\BOOKMARK [2][-]{subsection.3.1}{Produit scalaire de deux vecteurs}{section.3}% 11
\BOOKMARK [2][-]{subsection.3.2}{Forme bilin\351aire sym\351trique d\351finie positive}{section.3}% 12
\BOOKMARK [2][-]{subsection.3.3}{Expression du produit scalaire de deux vecteurs en base orthonorm\351e}{section.3}% 13
\BOOKMARK [1][-]{section.4}{Produit vectoriel}{}% 14
\BOOKMARK [2][-]{subsection.4.1}{Produit vectoriel de deux vecteurs}{section.4}% 15
\BOOKMARK [2][-]{subsection.4.2}{Le produit vectoriel est bilin\351aire et anti-sym\351trique}{section.4}% 16
\BOOKMARK [2][-]{subsection.4.3}{Expression du produit vectoriel de deux vecteurs en base orthonorm\351e directe}{section.4}% 17
\BOOKMARK [2][-]{subsection.4.4}{Double produit vectoriel}{section.4}% 18
\BOOKMARK [1][-]{section.5}{Produit mixte}{}% 19
\BOOKMARK [2][-]{subsection.5.1}{Produit mixte de trois vecteurs}{section.5}% 20
\BOOKMARK [2][-]{subsection.5.2}{Le d\351terminant est une forme trilin\351aire anti-sym\351trique}{section.5}% 21
\BOOKMARK [1][-]{section.6}{Champ de vecteurs}{}% 22
\BOOKMARK [2][-]{subsection.6.1}{D\351finition}{section.6}% 23
\BOOKMARK [2][-]{subsection.6.2}{Exemple de champs}{section.6}% 24
\BOOKMARK [1][-]{section.7}{Moments}{}% 25
\BOOKMARK [2][-]{subsection.7.1}{Moment en un point d'un pointeur}{section.7}% 26
